<?xml version="1.0" encoding="UTF-8"?>
<testsuite xmlns:xsi="http://www.w3.org/2001/XMLSchema-instance" xsi:noNamespaceSchemaLocation="https://maven.apache.org/surefire/maven-surefire-plugin/xsd/surefire-test-report-3.0.xsd" version="3.0" name="com.bloom.MovieTest" time="3.12" tests="4" errors="0" skipped="0" failures="0">
  <properties>
    <property name="sun.desktop" value="windows"/>
    <property name="awt.toolkit" value="sun.awt.windows.WToolkit"/>
    <property name="file.encoding.pkg" value="sun.io"/>
    <property name="java.specification.version" value="1.8"/>
    <property name="sun.cpu.isalist" value="amd64"/>
    <property name="sun.jnu.encoding" value="Cp1252"/>
    <property name="java.class.path" value="C:\eclipse\eclipse\java-training\bloom-without-database\target\test-classes;C:\eclipse\eclipse\java-training\bloom-without-database\target\classes;C:\Users\User\.m2\repository\io\dropwizard\dropwizard-core\2.0.13\dropwizard-core-2.0.13.jar;C:\Users\User\.m2\repository\io\dropwizard\dropwizard-util\2.0.13\dropwizard-util-2.0.13.jar;C:\Users\User\.m2\repository\com\google\guava\guava\29.0-jre\guava-29.0-jre.jar;C:\Users\User\.m2\repository\com\google\guava\failureaccess\1.0.1\failureaccess-1.0.1.jar;C:\Users\User\.m2\repository\com\google\guava\listenablefuture\9999.0-empty-to-avoid-conflict-with-guava\listenablefuture-9999.0-empty-to-avoid-conflict-with-guava.jar;C:\Users\User\.m2\repository\org\checkerframework\checker-qual\2.11.1\checker-qual-2.11.1.jar;C:\Users\User\.m2\repository\com\google\errorprone\error_prone_annotations\2.3.4\error_prone_annotations-2.3.4.jar;C:\Users\User\.m2\repository\com\google\j2objc\j2objc-annotations\1.3\j2objc-annotations-1.3.jar;C:\Users\User\.m2\repository\io\dropwizard\dropwizard-jackson\2.0.13\dropwizard-jackson-2.0.13.jar;C:\Users\User\.m2\repository\com\github\ben-manes\caffeine\caffeine\2.8.5\caffeine-2.8.5.jar;C:\Users\User\.m2\repository\com\fasterxml\jackson\core\jackson-core\2.10.5\jackson-core-2.10.5.jar;C:\Users\User\.m2\repository\com\fasterxml\jackson\datatype\jackson-datatype-jsr310\2.10.5\jackson-datatype-jsr310-2.10.5.jar;C:\Users\User\.m2\repository\com\fasterxml\jackson\datatype\jackson-datatype-jdk8\2.10.5\jackson-datatype-jdk8-2.10.5.jar;C:\Users\User\.m2\repository\com\fasterxml\jackson\module\jackson-module-parameter-names\2.10.5\jackson-module-parameter-names-2.10.5.jar;C:\Users\User\.m2\repository\com\fasterxml\jackson\module\jackson-module-afterburner\2.10.5\jackson-module-afterburner-2.10.5.jar;C:\Users\User\.m2\repository\com\fasterxml\jackson\datatype\jackson-datatype-joda\2.10.5\jackson-datatype-joda-2.10.5.jar;C:\Users\User\.m2\repository\io\dropwizard\dropwizard-validation\2.0.13\dropwizard-validation-2.0.13.jar;C:\Users\User\.m2\repository\com\fasterxml\classmate\1.5.1\classmate-1.5.1.jar;C:\Users\User\.m2\repository\org\glassfish\jakarta.el\3.0.3\jakarta.el-3.0.3.jar;C:\Users\User\.m2\repository\io\dropwizard\dropwizard-configuration\2.0.13\dropwizard-configuration-2.0.13.jar;C:\Users\User\.m2\repository\com\fasterxml\jackson\dataformat\jackson-dataformat-yaml\2.10.5\jackson-dataformat-yaml-2.10.5.jar;C:\Users\User\.m2\repository\org\yaml\snakeyaml\1.26\snakeyaml-1.26.jar;C:\Users\User\.m2\repository\org\apache\commons\commons-text\1.9\commons-text-1.9.jar;C:\Users\User\.m2\repository\io\dropwizard\dropwizard-logging\2.0.13\dropwizard-logging-2.0.13.jar;C:\Users\User\.m2\repository\io\dropwizard\metrics\metrics-logback\4.1.12.1\metrics-logback-4.1.12.1.jar;C:\Users\User\.m2\repository\org\apache\commons\commons-lang3\3.11\commons-lang3-3.11.jar;C:\Users\User\.m2\repository\org\slf4j\jul-to-slf4j\1.7.30\jul-to-slf4j-1.7.30.jar;C:\Users\User\.m2\repository\ch\qos\logback\logback-core\1.2.3\logback-core-1.2.3.jar;C:\Users\User\.m2\repository\io\dropwizard\logback\logback-throttling-appender\1.1.0\logback-throttling-appender-1.1.0.jar;C:\Users\User\.m2\repository\org\slf4j\log4j-over-slf4j\1.7.30\log4j-over-slf4j-1.7.30.jar;C:\Users\User\.m2\repository\org\slf4j\jcl-over-slf4j\1.7.30\jcl-over-slf4j-1.7.30.jar;C:\Users\User\.m2\repository\io\dropwizard\dropwizard-metrics\2.0.13\dropwizard-metrics-2.0.13.jar;C:\Users\User\.m2\repository\io\dropwizard\dropwizard-jersey\2.0.13\dropwizard-jersey-2.0.13.jar;C:\Users\User\.m2\repository\org\glassfish\jersey\ext\jersey-metainf-services\2.31\jersey-metainf-services-2.31.jar;C:\Users\User\.m2\repository\org\glassfish\jersey\inject\jersey-hk2\2.31\jersey-hk2-2.31.jar;C:\Users\User\.m2\repository\org\glassfish\hk2\hk2-locator\2.6.1\hk2-locator-2.6.1.jar;C:\Users\User\.m2\repository\org\javassist\javassist\3.27.0-GA\javassist-3.27.0-GA.jar;C:\Users\User\.m2\repository\io\dropwizard\metrics\metrics-jersey2\4.1.12.1\metrics-jersey2-4.1.12.1.jar;C:\Users\User\.m2\repository\jakarta\annotation\jakarta.annotation-api\1.3.5\jakarta.annotation-api-1.3.5.jar;C:\Users\User\.m2\repository\joda-time\joda-time\2.10.6\joda-time-2.10.6.jar;C:\Users\User\.m2\repository\org\glassfish\hk2\hk2-api\2.6.1\hk2-api-2.6.1.jar;C:\Users\User\.m2\repository\org\glassfish\hk2\hk2-utils\2.6.1\hk2-utils-2.6.1.jar;C:\Users\User\.m2\repository\org\glassfish\hk2\external\aopalliance-repackaged\2.6.1\aopalliance-repackaged-2.6.1.jar;C:\Users\User\.m2\repository\org\glassfish\jersey\containers\jersey-container-servlet\2.31\jersey-container-servlet-2.31.jar;C:\Users\User\.m2\repository\io\dropwizard\dropwizard-servlets\2.0.13\dropwizard-servlets-2.0.13.jar;C:\Users\User\.m2\repository\io\dropwizard\dropwizard-jetty\2.0.13\dropwizard-jetty-2.0.13.jar;C:\Users\User\.m2\repository\org\eclipse\jetty\jetty-servlets\9.4.31.v20200723\jetty-servlets-9.4.31.v20200723.jar;C:\Users\User\.m2\repository\org\eclipse\jetty\jetty-continuation\9.4.31.v20200723\jetty-continuation-9.4.31.v20200723.jar;C:\Users\User\.m2\repository\org\eclipse\jetty\jetty-http\9.4.31.v20200723\jetty-http-9.4.31.v20200723.jar;C:\Users\User\.m2\repository\io\dropwizard\dropwizard-lifecycle\2.0.13\dropwizard-lifecycle-2.0.13.jar;C:\Users\User\.m2\repository\io\dropwizard\metrics\metrics-core\4.1.12.1\metrics-core-4.1.12.1.jar;C:\Users\User\.m2\repository\io\dropwizard\metrics\metrics-jetty9\4.1.12.1\metrics-jetty9-4.1.12.1.jar;C:\Users\User\.m2\repository\io\dropwizard\metrics\metrics-jvm\4.1.12.1\metrics-jvm-4.1.12.1.jar;C:\Users\User\.m2\repository\io\dropwizard\metrics\metrics-jmx\4.1.12.1\metrics-jmx-4.1.12.1.jar;C:\Users\User\.m2\repository\io\dropwizard\metrics\metrics-servlets\4.1.12.1\metrics-servlets-4.1.12.1.jar;C:\Users\User\.m2\repository\io\dropwizard\metrics\metrics-json\4.1.12.1\metrics-json-4.1.12.1.jar;C:\Users\User\.m2\repository\com\helger\profiler\1.1.1\profiler-1.1.1.jar;C:\Users\User\.m2\repository\io\dropwizard\metrics\metrics-healthchecks\4.1.12.1\metrics-healthchecks-4.1.12.1.jar;C:\Users\User\.m2\repository\io\dropwizard\dropwizard-request-logging\2.0.13\dropwizard-request-logging-2.0.13.jar;C:\Users\User\.m2\repository\ch\qos\logback\logback-access\1.2.3\logback-access-1.2.3.jar;C:\Users\User\.m2\repository\ch\qos\logback\logback-classic\1.2.3\logback-classic-1.2.3.jar;C:\Users\User\.m2\repository\com\fasterxml\jackson\core\jackson-annotations\2.10.5\jackson-annotations-2.10.5.jar;C:\Users\User\.m2\repository\com\fasterxml\jackson\core\jackson-databind\2.10.5\jackson-databind-2.10.5.jar;C:\Users\User\.m2\repository\com\google\code\findbugs\jsr305\3.0.2\jsr305-3.0.2.jar;C:\Users\User\.m2\repository\jakarta\servlet\jakarta.servlet-api\4.0.4\jakarta.servlet-api-4.0.4.jar;C:\Users\User\.m2\repository\jakarta\validation\jakarta.validation-api\2.0.2\jakarta.validation-api-2.0.2.jar;C:\Users\User\.m2\repository\jakarta\ws\rs\jakarta.ws.rs-api\2.1.6\jakarta.ws.rs-api-2.1.6.jar;C:\Users\User\.m2\repository\net\sourceforge\argparse4j\argparse4j\0.8.1\argparse4j-0.8.1.jar;C:\Users\User\.m2\repository\org\eclipse\jetty\jetty-security\9.4.31.v20200723\jetty-security-9.4.31.v20200723.jar;C:\Users\User\.m2\repository\org\eclipse\jetty\jetty-server\9.4.31.v20200723\jetty-server-9.4.31.v20200723.jar;C:\Users\User\.m2\repository\org\eclipse\jetty\jetty-servlet\9.4.31.v20200723\jetty-servlet-9.4.31.v20200723.jar;C:\Users\User\.m2\repository\org\eclipse\jetty\jetty-util\9.4.31.v20200723\jetty-util-9.4.31.v20200723.jar;C:\Users\User\.m2\repository\org\eclipse\jetty\toolchain\setuid\jetty-setuid-java\1.0.4\jetty-setuid-java-1.0.4.jar;C:\Users\User\.m2\repository\org\glassfish\hk2\external\jakarta.inject\2.6.1\jakarta.inject-2.6.1.jar;C:\Users\User\.m2\repository\org\glassfish\jersey\core\jersey-common\2.31\jersey-common-2.31.jar;C:\Users\User\.m2\repository\org\glassfish\hk2\osgi-resource-locator\1.0.3\osgi-resource-locator-1.0.3.jar;C:\Users\User\.m2\repository\org\glassfish\jersey\ext\jersey-bean-validation\2.31\jersey-bean-validation-2.31.jar;C:\Users\User\.m2\repository\org\hibernate\validator\hibernate-validator\6.1.5.Final\hibernate-validator-6.1.5.Final.jar;C:\Users\User\.m2\repository\org\jboss\logging\jboss-logging\3.3.2.Final\jboss-logging-3.3.2.Final.jar;C:\Users\User\.m2\repository\org\slf4j\slf4j-api\1.7.30\slf4j-api-1.7.30.jar;C:\Users\User\.m2\repository\io\dropwizard\dropwizard-testing\2.0.13\dropwizard-testing-2.0.13.jar;C:\Users\User\.m2\repository\io\dropwizard\metrics\metrics-annotation\4.1.12.1\metrics-annotation-4.1.12.1.jar;C:\Users\User\.m2\repository\com\fasterxml\jackson\datatype\jackson-datatype-guava\2.10.5\jackson-datatype-guava-2.10.5.jar;C:\Users\User\.m2\repository\com\fasterxml\jackson\jaxrs\jackson-jaxrs-json-provider\2.10.5\jackson-jaxrs-json-provider-2.10.5.jar;C:\Users\User\.m2\repository\com\fasterxml\jackson\jaxrs\jackson-jaxrs-base\2.10.5\jackson-jaxrs-base-2.10.5.jar;C:\Users\User\.m2\repository\com\fasterxml\jackson\module\jackson-module-jaxb-annotations\2.10.5\jackson-module-jaxb-annotations-2.10.5.jar;C:\Users\User\.m2\repository\org\eclipse\jetty\jetty-io\9.4.31.v20200723\jetty-io-9.4.31.v20200723.jar;C:\Users\User\.m2\repository\org\glassfish\jersey\containers\jersey-container-servlet-core\2.31\jersey-container-servlet-core-2.31.jar;C:\Users\User\.m2\repository\org\glassfish\jersey\core\jersey-client\2.31\jersey-client-2.31.jar;C:\Users\User\.m2\repository\org\glassfish\jersey\core\jersey-server\2.31\jersey-server-2.31.jar;C:\Users\User\.m2\repository\org\glassfish\jersey\media\jersey-media-jaxb\2.31\jersey-media-jaxb-2.31.jar;C:\Users\User\.m2\repository\org\glassfish\jersey\test-framework\jersey-test-framework-core\2.31\jersey-test-framework-core-2.31.jar;C:\Users\User\.m2\repository\org\glassfish\jersey\test-framework\providers\jersey-test-framework-provider-inmemory\2.31\jersey-test-framework-provider-inmemory-2.31.jar;C:\Users\User\.m2\repository\jakarta\activation\jakarta.activation-api\1.2.2\jakarta.activation-api-1.2.2.jar;C:\Users\User\.m2\repository\jakarta\xml\bind\jakarta.xml.bind-api\2.3.3\jakarta.xml.bind-api-2.3.3.jar;C:\Users\User\.m2\repository\org\junit\jupiter\junit-jupiter\5.7.0\junit-jupiter-5.7.0.jar;C:\Users\User\.m2\repository\org\junit\jupiter\junit-jupiter-api\5.7.0\junit-jupiter-api-5.7.0.jar;C:\Users\User\.m2\repository\org\apiguardian\apiguardian-api\1.1.0\apiguardian-api-1.1.0.jar;C:\Users\User\.m2\repository\org\opentest4j\opentest4j\1.2.0\opentest4j-1.2.0.jar;C:\Users\User\.m2\repository\org\junit\platform\junit-platform-commons\1.7.0\junit-platform-commons-1.7.0.jar;C:\Users\User\.m2\repository\org\junit\jupiter\junit-jupiter-params\5.7.0\junit-jupiter-params-5.7.0.jar;C:\Users\User\.m2\repository\org\junit\jupiter\junit-jupiter-engine\5.7.0\junit-jupiter-engine-5.7.0.jar;C:\Users\User\.m2\repository\org\junit\platform\junit-platform-engine\1.7.0\junit-platform-engine-1.7.0.jar;C:\Users\User\.m2\repository\org\mockito\mockito-core\3.5.11\mockito-core-3.5.11.jar;C:\Users\User\.m2\repository\net\bytebuddy\byte-buddy\1.10.13\byte-buddy-1.10.13.jar;C:\Users\User\.m2\repository\net\bytebuddy\byte-buddy-agent\1.10.13\byte-buddy-agent-1.10.13.jar;C:\Users\User\.m2\repository\org\objenesis\objenesis\3.1\objenesis-3.1.jar;"/>
    <property name="java.vm.vendor" value="Oracle Corporation"/>
    <property name="sun.arch.data.model" value="64"/>
    <property name="user.variant" value=""/>
    <property name="java.vendor.url" value="http://java.oracle.com/"/>
    <property name="user.timezone" value="Europe/Berlin"/>
    <property name="java.vm.specification.version" value="1.8"/>
    <property name="os.name" value="Windows 10"/>
    <property name="user.country" value="IN"/>
    <property name="sun.java.launcher" value="SUN_STANDARD"/>
    <property name="sun.boot.library.path" value="C:\Program Files\Java\jdk1.8.0_181\jre\bin"/>
    <property name="sun.java.command" value="C:\Users\User\AppData\Local\Temp\surefire7824796591944692103\surefirebooter2726348377362635885.jar C:\Users\User\AppData\Local\Temp\surefire7824796591944692103 2020-09-23T00-39-54_999-jvmRun1 surefire7694536201208428978tmp surefire_01690978406582478729tmp"/>
    <property name="surefire.test.class.path" value="C:\eclipse\eclipse\java-training\bloom-without-database\target\test-classes;C:\eclipse\eclipse\java-training\bloom-without-database\target\classes;C:\Users\User\.m2\repository\io\dropwizard\dropwizard-core\2.0.13\dropwizard-core-2.0.13.jar;C:\Users\User\.m2\repository\io\dropwizard\dropwizard-util\2.0.13\dropwizard-util-2.0.13.jar;C:\Users\User\.m2\repository\com\google\guava\guava\29.0-jre\guava-29.0-jre.jar;C:\Users\User\.m2\repository\com\google\guava\failureaccess\1.0.1\failureaccess-1.0.1.jar;C:\Users\User\.m2\repository\com\google\guava\listenablefuture\9999.0-empty-to-avoid-conflict-with-guava\listenablefuture-9999.0-empty-to-avoid-conflict-with-guava.jar;C:\Users\User\.m2\repository\org\checkerframework\checker-qual\2.11.1\checker-qual-2.11.1.jar;C:\Users\User\.m2\repository\com\google\errorprone\error_prone_annotations\2.3.4\error_prone_annotations-2.3.4.jar;C:\Users\User\.m2\repository\com\google\j2objc\j2objc-annotations\1.3\j2objc-annotations-1.3.jar;C:\Users\User\.m2\repository\io\dropwizard\dropwizard-jackson\2.0.13\dropwizard-jackson-2.0.13.jar;C:\Users\User\.m2\repository\com\github\ben-manes\caffeine\caffeine\2.8.5\caffeine-2.8.5.jar;C:\Users\User\.m2\repository\com\fasterxml\jackson\core\jackson-core\2.10.5\jackson-core-2.10.5.jar;C:\Users\User\.m2\repository\com\fasterxml\jackson\datatype\jackson-datatype-jsr310\2.10.5\jackson-datatype-jsr310-2.10.5.jar;C:\Users\User\.m2\repository\com\fasterxml\jackson\datatype\jackson-datatype-jdk8\2.10.5\jackson-datatype-jdk8-2.10.5.jar;C:\Users\User\.m2\repository\com\fasterxml\jackson\module\jackson-module-parameter-names\2.10.5\jackson-module-parameter-names-2.10.5.jar;C:\Users\User\.m2\repository\com\fasterxml\jackson\module\jackson-module-afterburner\2.10.5\jackson-module-afterburner-2.10.5.jar;C:\Users\User\.m2\repository\com\fasterxml\jackson\datatype\jackson-datatype-joda\2.10.5\jackson-datatype-joda-2.10.5.jar;C:\Users\User\.m2\repository\io\dropwizard\dropwizard-validation\2.0.13\dropwizard-validation-2.0.13.jar;C:\Users\User\.m2\repository\com\fasterxml\classmate\1.5.1\classmate-1.5.1.jar;C:\Users\User\.m2\repository\org\glassfish\jakarta.el\3.0.3\jakarta.el-3.0.3.jar;C:\Users\User\.m2\repository\io\dropwizard\dropwizard-configuration\2.0.13\dropwizard-configuration-2.0.13.jar;C:\Users\User\.m2\repository\com\fasterxml\jackson\dataformat\jackson-dataformat-yaml\2.10.5\jackson-dataformat-yaml-2.10.5.jar;C:\Users\User\.m2\repository\org\yaml\snakeyaml\1.26\snakeyaml-1.26.jar;C:\Users\User\.m2\repository\org\apache\commons\commons-text\1.9\commons-text-1.9.jar;C:\Users\User\.m2\repository\io\dropwizard\dropwizard-logging\2.0.13\dropwizard-logging-2.0.13.jar;C:\Users\User\.m2\repository\io\dropwizard\metrics\metrics-logback\4.1.12.1\metrics-logback-4.1.12.1.jar;C:\Users\User\.m2\repository\org\apache\commons\commons-lang3\3.11\commons-lang3-3.11.jar;C:\Users\User\.m2\repository\org\slf4j\jul-to-slf4j\1.7.30\jul-to-slf4j-1.7.30.jar;C:\Users\User\.m2\repository\ch\qos\logback\logback-core\1.2.3\logback-core-1.2.3.jar;C:\Users\User\.m2\repository\io\dropwizard\logback\logback-throttling-appender\1.1.0\logback-throttling-appender-1.1.0.jar;C:\Users\User\.m2\repository\org\slf4j\log4j-over-slf4j\1.7.30\log4j-over-slf4j-1.7.30.jar;C:\Users\User\.m2\repository\org\slf4j\jcl-over-slf4j\1.7.30\jcl-over-slf4j-1.7.30.jar;C:\Users\User\.m2\repository\io\dropwizard\dropwizard-metrics\2.0.13\dropwizard-metrics-2.0.13.jar;C:\Users\User\.m2\repository\io\dropwizard\dropwizard-jersey\2.0.13\dropwizard-jersey-2.0.13.jar;C:\Users\User\.m2\repository\org\glassfish\jersey\ext\jersey-metainf-services\2.31\jersey-metainf-services-2.31.jar;C:\Users\User\.m2\repository\org\glassfish\jersey\inject\jersey-hk2\2.31\jersey-hk2-2.31.jar;C:\Users\User\.m2\repository\org\glassfish\hk2\hk2-locator\2.6.1\hk2-locator-2.6.1.jar;C:\Users\User\.m2\repository\org\javassist\javassist\3.27.0-GA\javassist-3.27.0-GA.jar;C:\Users\User\.m2\repository\io\dropwizard\metrics\metrics-jersey2\4.1.12.1\metrics-jersey2-4.1.12.1.jar;C:\Users\User\.m2\repository\jakarta\annotation\jakarta.annotation-api\1.3.5\jakarta.annotation-api-1.3.5.jar;C:\Users\User\.m2\repository\joda-time\joda-time\2.10.6\joda-time-2.10.6.jar;C:\Users\User\.m2\repository\org\glassfish\hk2\hk2-api\2.6.1\hk2-api-2.6.1.jar;C:\Users\User\.m2\repository\org\glassfish\hk2\hk2-utils\2.6.1\hk2-utils-2.6.1.jar;C:\Users\User\.m2\repository\org\glassfish\hk2\external\aopalliance-repackaged\2.6.1\aopalliance-repackaged-2.6.1.jar;C:\Users\User\.m2\repository\org\glassfish\jersey\containers\jersey-container-servlet\2.31\jersey-container-servlet-2.31.jar;C:\Users\User\.m2\repository\io\dropwizard\dropwizard-servlets\2.0.13\dropwizard-servlets-2.0.13.jar;C:\Users\User\.m2\repository\io\dropwizard\dropwizard-jetty\2.0.13\dropwizard-jetty-2.0.13.jar;C:\Users\User\.m2\repository\org\eclipse\jetty\jetty-servlets\9.4.31.v20200723\jetty-servlets-9.4.31.v20200723.jar;C:\Users\User\.m2\repository\org\eclipse\jetty\jetty-continuation\9.4.31.v20200723\jetty-continuation-9.4.31.v20200723.jar;C:\Users\User\.m2\repository\org\eclipse\jetty\jetty-http\9.4.31.v20200723\jetty-http-9.4.31.v20200723.jar;C:\Users\User\.m2\repository\io\dropwizard\dropwizard-lifecycle\2.0.13\dropwizard-lifecycle-2.0.13.jar;C:\Users\User\.m2\repository\io\dropwizard\metrics\metrics-core\4.1.12.1\metrics-core-4.1.12.1.jar;C:\Users\User\.m2\repository\io\dropwizard\metrics\metrics-jetty9\4.1.12.1\metrics-jetty9-4.1.12.1.jar;C:\Users\User\.m2\repository\io\dropwizard\metrics\metrics-jvm\4.1.12.1\metrics-jvm-4.1.12.1.jar;C:\Users\User\.m2\repository\io\dropwizard\metrics\metrics-jmx\4.1.12.1\metrics-jmx-4.1.12.1.jar;C:\Users\User\.m2\repository\io\dropwizard\metrics\metrics-servlets\4.1.12.1\metrics-servlets-4.1.12.1.jar;C:\Users\User\.m2\repository\io\dropwizard\metrics\metrics-json\4.1.12.1\metrics-json-4.1.12.1.jar;C:\Users\User\.m2\repository\com\helger\profiler\1.1.1\profiler-1.1.1.jar;C:\Users\User\.m2\repository\io\dropwizard\metrics\metrics-healthchecks\4.1.12.1\metrics-healthchecks-4.1.12.1.jar;C:\Users\User\.m2\repository\io\dropwizard\dropwizard-request-logging\2.0.13\dropwizard-request-logging-2.0.13.jar;C:\Users\User\.m2\repository\ch\qos\logback\logback-access\1.2.3\logback-access-1.2.3.jar;C:\Users\User\.m2\repository\ch\qos\logback\logback-classic\1.2.3\logback-classic-1.2.3.jar;C:\Users\User\.m2\repository\com\fasterxml\jackson\core\jackson-annotations\2.10.5\jackson-annotations-2.10.5.jar;C:\Users\User\.m2\repository\com\fasterxml\jackson\core\jackson-databind\2.10.5\jackson-databind-2.10.5.jar;C:\Users\User\.m2\repository\com\google\code\findbugs\jsr305\3.0.2\jsr305-3.0.2.jar;C:\Users\User\.m2\repository\jakarta\servlet\jakarta.servlet-api\4.0.4\jakarta.servlet-api-4.0.4.jar;C:\Users\User\.m2\repository\jakarta\validation\jakarta.validation-api\2.0.2\jakarta.validation-api-2.0.2.jar;C:\Users\User\.m2\repository\jakarta\ws\rs\jakarta.ws.rs-api\2.1.6\jakarta.ws.rs-api-2.1.6.jar;C:\Users\User\.m2\repository\net\sourceforge\argparse4j\argparse4j\0.8.1\argparse4j-0.8.1.jar;C:\Users\User\.m2\repository\org\eclipse\jetty\jetty-security\9.4.31.v20200723\jetty-security-9.4.31.v20200723.jar;C:\Users\User\.m2\repository\org\eclipse\jetty\jetty-server\9.4.31.v20200723\jetty-server-9.4.31.v20200723.jar;C:\Users\User\.m2\repository\org\eclipse\jetty\jetty-servlet\9.4.31.v20200723\jetty-servlet-9.4.31.v20200723.jar;C:\Users\User\.m2\repository\org\eclipse\jetty\jetty-util\9.4.31.v20200723\jetty-util-9.4.31.v20200723.jar;C:\Users\User\.m2\repository\org\eclipse\jetty\toolchain\setuid\jetty-setuid-java\1.0.4\jetty-setuid-java-1.0.4.jar;C:\Users\User\.m2\repository\org\glassfish\hk2\external\jakarta.inject\2.6.1\jakarta.inject-2.6.1.jar;C:\Users\User\.m2\repository\org\glassfish\jersey\core\jersey-common\2.31\jersey-common-2.31.jar;C:\Users\User\.m2\repository\org\glassfish\hk2\osgi-resource-locator\1.0.3\osgi-resource-locator-1.0.3.jar;C:\Users\User\.m2\repository\org\glassfish\jersey\ext\jersey-bean-validation\2.31\jersey-bean-validation-2.31.jar;C:\Users\User\.m2\repository\org\hibernate\validator\hibernate-validator\6.1.5.Final\hibernate-validator-6.1.5.Final.jar;C:\Users\User\.m2\repository\org\jboss\logging\jboss-logging\3.3.2.Final\jboss-logging-3.3.2.Final.jar;C:\Users\User\.m2\repository\org\slf4j\slf4j-api\1.7.30\slf4j-api-1.7.30.jar;C:\Users\User\.m2\repository\io\dropwizard\dropwizard-testing\2.0.13\dropwizard-testing-2.0.13.jar;C:\Users\User\.m2\repository\io\dropwizard\metrics\metrics-annotation\4.1.12.1\metrics-annotation-4.1.12.1.jar;C:\Users\User\.m2\repository\com\fasterxml\jackson\datatype\jackson-datatype-guava\2.10.5\jackson-datatype-guava-2.10.5.jar;C:\Users\User\.m2\repository\com\fasterxml\jackson\jaxrs\jackson-jaxrs-json-provider\2.10.5\jackson-jaxrs-json-provider-2.10.5.jar;C:\Users\User\.m2\repository\com\fasterxml\jackson\jaxrs\jackson-jaxrs-base\2.10.5\jackson-jaxrs-base-2.10.5.jar;C:\Users\User\.m2\repository\com\fasterxml\jackson\module\jackson-module-jaxb-annotations\2.10.5\jackson-module-jaxb-annotations-2.10.5.jar;C:\Users\User\.m2\repository\org\eclipse\jetty\jetty-io\9.4.31.v20200723\jetty-io-9.4.31.v20200723.jar;C:\Users\User\.m2\repository\org\glassfish\jersey\containers\jersey-container-servlet-core\2.31\jersey-container-servlet-core-2.31.jar;C:\Users\User\.m2\repository\org\glassfish\jersey\core\jersey-client\2.31\jersey-client-2.31.jar;C:\Users\User\.m2\repository\org\glassfish\jersey\core\jersey-server\2.31\jersey-server-2.31.jar;C:\Users\User\.m2\repository\org\glassfish\jersey\media\jersey-media-jaxb\2.31\jersey-media-jaxb-2.31.jar;C:\Users\User\.m2\repository\org\glassfish\jersey\test-framework\jersey-test-framework-core\2.31\jersey-test-framework-core-2.31.jar;C:\Users\User\.m2\repository\org\glassfish\jersey\test-framework\providers\jersey-test-framework-provider-inmemory\2.31\jersey-test-framework-provider-inmemory-2.31.jar;C:\Users\User\.m2\repository\jakarta\activation\jakarta.activation-api\1.2.2\jakarta.activation-api-1.2.2.jar;C:\Users\User\.m2\repository\jakarta\xml\bind\jakarta.xml.bind-api\2.3.3\jakarta.xml.bind-api-2.3.3.jar;C:\Users\User\.m2\repository\org\junit\jupiter\junit-jupiter\5.7.0\junit-jupiter-5.7.0.jar;C:\Users\User\.m2\repository\org\junit\jupiter\junit-jupiter-api\5.7.0\junit-jupiter-api-5.7.0.jar;C:\Users\User\.m2\repository\org\apiguardian\apiguardian-api\1.1.0\apiguardian-api-1.1.0.jar;C:\Users\User\.m2\repository\org\opentest4j\opentest4j\1.2.0\opentest4j-1.2.0.jar;C:\Users\User\.m2\repository\org\junit\platform\junit-platform-commons\1.7.0\junit-platform-commons-1.7.0.jar;C:\Users\User\.m2\repository\org\junit\jupiter\junit-jupiter-params\5.7.0\junit-jupiter-params-5.7.0.jar;C:\Users\User\.m2\repository\org\junit\jupiter\junit-jupiter-engine\5.7.0\junit-jupiter-engine-5.7.0.jar;C:\Users\User\.m2\repository\org\junit\platform\junit-platform-engine\1.7.0\junit-platform-engine-1.7.0.jar;C:\Users\User\.m2\repository\org\mockito\mockito-core\3.5.11\mockito-core-3.5.11.jar;C:\Users\User\.m2\repository\net\bytebuddy\byte-buddy\1.10.13\byte-buddy-1.10.13.jar;C:\Users\User\.m2\repository\net\bytebuddy\byte-buddy-agent\1.10.13\byte-buddy-agent-1.10.13.jar;C:\Users\User\.m2\repository\org\objenesis\objenesis\3.1\objenesis-3.1.jar;"/>
    <property name="sun.cpu.endian" value="little"/>
    <property name="user.home" value="C:\Users\User"/>
    <property name="user.language" value="en"/>
    <property name="java.specification.vendor" value="Oracle Corporation"/>
    <property name="java.home" value="C:\Program Files\Java\jdk1.8.0_181\jre"/>
    <property name="basedir" value="C:\eclipse\eclipse\java-training\bloom-without-database"/>
    <property name="file.separator" value="\"/>
    <property name="line.separator" value="&#10;"/>
    <property name="java.vm.specification.vendor" value="Oracle Corporation"/>
    <property name="java.specification.name" value="Java Platform API Specification"/>
    <property name="java.awt.graphicsenv" value="sun.awt.Win32GraphicsEnvironment"/>
    <property name="surefire.real.class.path" value="C:\Users\User\AppData\Local\Temp\surefire7824796591944692103\surefirebooter2726348377362635885.jar"/>
    <property name="sun.boot.class.path" value="C:\Program Files\Java\jdk1.8.0_181\jre\lib\resources.jar;C:\Program Files\Java\jdk1.8.0_181\jre\lib\rt.jar;C:\Program Files\Java\jdk1.8.0_181\jre\lib\sunrsasign.jar;C:\Program Files\Java\jdk1.8.0_181\jre\lib\jsse.jar;C:\Program Files\Java\jdk1.8.0_181\jre\lib\jce.jar;C:\Program Files\Java\jdk1.8.0_181\jre\lib\charsets.jar;C:\Program Files\Java\jdk1.8.0_181\jre\lib\jfr.jar;C:\Program Files\Java\jdk1.8.0_181\jre\classes"/>
    <property name="user.script" value=""/>
    <property name="sun.management.compiler" value="HotSpot 64-Bit Tiered Compilers"/>
    <property name="java.runtime.version" value="1.8.0_181-b13"/>
    <property name="user.name" value="User"/>
    <property name="path.separator" value=";"/>
    <property name="os.version" value="10.0"/>
    <property name="java.endorsed.dirs" value="C:\Program Files\Java\jdk1.8.0_181\jre\lib\endorsed"/>
    <property name="java.runtime.name" value="Java(TM) SE Runtime Environment"/>
    <property name="file.encoding" value="Cp1252"/>
    <property name="java.vm.name" value="Java HotSpot(TM) 64-Bit Server VM"/>
    <property name="localRepository" value="C:\Users\User\.m2\repository"/>
    <property name="java.vendor.url.bug" value="http://bugreport.sun.com/bugreport/"/>
    <property name="java.io.tmpdir" value="C:\Users\User\AppData\Local\Temp\"/>
    <property name="java.version" value="1.8.0_181"/>
    <property name="user.dir" value="C:\eclipse\eclipse\java-training\bloom-without-database"/>
    <property name="os.arch" value="amd64"/>
    <property name="java.vm.specification.name" value="Java Virtual Machine Specification"/>
    <property name="java.awt.printerjob" value="sun.awt.windows.WPrinterJob"/>
    <property name="sun.os.patch.level" value=""/>
    <property name="java.library.path" value="C:\Program Files\Java\jdk1.8.0_181\jre\bin;C:\WINDOWS\Sun\Java\bin;C:\WINDOWS\system32;C:\WINDOWS;C:\Program Files (x86)\Common Files\Oracle\Java\javapath;C:\WINDOWS\system32;C:\WINDOWS;C:\WINDOWS\System32\Wbem;C:\WINDOWS\System32\WindowsPowerShell\v1.0\;C:\WINDOWS\System32\OpenSSH\;C:\Program Files\nodejs\;C:\Program Files\PuTTY\;C:\Program Files\Docker\Docker\resources\bin;C:\ProgramData\DockerDesktop\version-bin;C:\Program Files\erl-23.0\bin;C:\Users\User\AppData\Local\Programs\Python\Python37-32\Scripts\;C:\Users\User\AppData\Local\Programs\Python\Python37-32\;C:\Users\User\AppData\Local\Microsoft\WindowsApps;C:\Program Files\Java\jdk1.8.0_181\bin;C:\Users\User\AppData\Local\Android\Sdk\platform-tools;C:\Users\User\AppData\Roaming\npm;C:\lakshman\maven\bin;C:\eclipse\eclipse\micorservice\kubernates;C:\Program Files\erl-23.0\erts-11.0\bin;C:\software\kafka_2.13-2.6.0\bin\windows;."/>
    <property name="java.vm.info" value="mixed mode"/>
    <property name="java.vendor" value="Oracle Corporation"/>
    <property name="java.vm.version" value="25.181-b13"/>
    <property name="java.ext.dirs" value="C:\Program Files\Java\jdk1.8.0_181\jre\lib\ext;C:\WINDOWS\Sun\Java\lib\ext"/>
    <property name="sun.io.unicode.encoding" value="UnicodeLittle"/>
    <property name="java.class.version" value="52.0"/>
  </properties>
  <testcase name="addMovie" classname="com.bloom.MovieTest" time="0.801">
    <system-out><![CDATA[00:39:57.924 [main] DEBUG org.jboss.logging - Logging Provider: org.jboss.logging.Slf4jLoggerProvider
00:39:57.929 [main] INFO org.hibernate.validator.internal.util.Version - HV000001: Hibernate Validator 6.1.5.Final
00:39:57.949 [main] DEBUG org.hibernate.validator.internal.engine.AbstractConfigurationImpl - Adding value extractor io.dropwizard.validation.valuehandling.GuavaOptionalValueExtractor@446a1e84
00:39:57.949 [main] DEBUG org.hibernate.validator.internal.engine.AbstractConfigurationImpl - Setting custom ConstraintValidatorFactory of type io.dropwizard.jersey.validation.MutableValidatorFactory
00:39:57.949 [main] DEBUG org.hibernate.validator.internal.engine.AbstractConfigurationImpl - Setting custom ParameterNameProvider of type io.dropwizard.jersey.validation.JerseyParameterNameProvider
00:39:57.954 [main] DEBUG org.hibernate.validator.internal.engine.AbstractConfigurationImpl - Adding value extractor io.dropwizard.jersey.validation.NonEmptyStringParamValueExtractor@1b919693
00:39:57.954 [main] DEBUG org.hibernate.validator.internal.engine.AbstractConfigurationImpl - Adding value extractor io.dropwizard.jersey.validation.ParamValueExtractor@7dfd3c81
00:39:57.959 [main] DEBUG org.hibernate.validator.internal.xml.config.ValidationXmlParser - Trying to load META-INF/validation.xml for XML based Validator configuration.
00:39:57.959 [main] DEBUG org.hibernate.validator.internal.xml.config.ResourceLoaderHelper - Trying to load META-INF/validation.xml via TCCL
00:39:57.959 [main] DEBUG org.hibernate.validator.internal.xml.config.ResourceLoaderHelper - Trying to load META-INF/validation.xml via Hibernate Validator's class loader
00:39:57.959 [main] DEBUG org.hibernate.validator.internal.xml.config.ValidationXmlParser - No META-INF/validation.xml found. Using annotation based configuration only.
00:39:57.964 [main] DEBUG org.hibernate.validator.internal.engine.resolver.TraversableResolvers - Cannot find javax.persistence.Persistence on classpath. Assuming non JPA 2 environment. All properties will per default be traversable.
00:39:57.999 [main] DEBUG org.hibernate.validator.messageinterpolation.ResourceBundleMessageInterpolator - Loaded expression factory via original TCCL
00:39:58.179 [main] DEBUG org.hibernate.validator.internal.engine.ValidatorFactoryConfigurationHelper - HV000252: Using org.hibernate.validator.internal.engine.DefaultPropertyNodeNameProvider as property node name provider.
00:39:58.185 [main] DEBUG org.hibernate.validator.internal.engine.ValidatorFactoryConfigurationHelper - HV000234: Using org.hibernate.validator.messageinterpolation.ResourceBundleMessageInterpolator as ValidatorFactory-scoped message interpolator.
00:39:58.185 [main] DEBUG org.hibernate.validator.internal.engine.ValidatorFactoryConfigurationHelper - HV000234: Using org.hibernate.validator.internal.engine.resolver.TraverseAllTraversableResolver as ValidatorFactory-scoped traversable resolver.
00:39:58.185 [main] DEBUG org.hibernate.validator.internal.engine.ValidatorFactoryConfigurationHelper - HV000234: Using org.hibernate.validator.internal.util.ExecutableParameterNameProvider as ValidatorFactory-scoped parameter name provider.
00:39:58.185 [main] DEBUG org.hibernate.validator.internal.engine.ValidatorFactoryConfigurationHelper - HV000234: Using org.hibernate.validator.internal.engine.DefaultClockProvider as ValidatorFactory-scoped clock provider.
00:39:58.189 [main] DEBUG org.hibernate.validator.internal.engine.ValidatorFactoryConfigurationHelper - HV000234: Using org.hibernate.validator.internal.engine.scripting.DefaultScriptEvaluatorFactory as ValidatorFactory-scoped script evaluator factory.
]]></system-out>
  </testcase>
  <testcase name="getAllMovies" classname="com.bloom.MovieTest" time="0.041"/>
  <testcase name="testGetMovieId" classname="com.bloom.MovieTest" time="0.01"/>
  <testcase name="testDeleteMovieById" classname="com.bloom.MovieTest" time="0.01"/>
</testsuite>